This is pdfTeX, Version 3.14159265-2.6-1.40.19 (MiKTeX 2.9.6630 64-bit) (preloaded format=latex 2018.6.4)  12 JUL 2018 20:10
entering extended mode
**./elsarticle.ins
(elsarticle.ins
LaTeX2e <2017-04-15>
Babel <3.18> and hyphenation patterns for 75 language(s) loaded.
("C:\Program Files\MiKTeX 2.9\tex\latex\base\docstrip.tex"
\blockLevel=\count79
\emptyLines=\count80
\processedLines=\count81
\commentsRemoved=\count82
\commentsPassed=\count83
\codeLinesPassed=\count84
\TotalprocessedLines=\count85
\TotalcommentsRemoved=\count86
\TotalcommentsPassed=\count87
\TotalcodeLinesPassed=\count88
\NumberOfFiles=\count89
\inFile=\read1
\inputcheck=\read2
\off@0=\count90
\off@1=\count91
\off@2=\count92
\off@3=\count93
\off@4=\count94
\off@5=\count95
\off@6=\count96
\off@7=\count97
\off@8=\count98
\off@9=\count99
\off@10=\count100
\off@11=\count101
\off@12=\count102
\off@13=\count103
\off@14=\count104
\off@15=\count105
\@maxfiles=\count106
\@maxoutfiles=\count107

Utility: `docstrip' 2.5e <2014/09/29>
English documentation    <2017/03/13>

**********************************************************
* This program converts documented macro-files into fast *
* loadable files by stripping off (nearly) all comments! *
**********************************************************

********************************************************
* No Configuration file found, using default settings. *
********************************************************

)

Generating file(s) ./elsarticle.cls 
\openout0 = `./elsarticle.cls'.


Processing file elsarticle.dtx (class) -> elsarticle.cls
% % % % % % % % % % % % % % % % % % % <*driver . . . . . . . . . . > % % % % %
% % % % % % % % % % % % % % % % % % % % % % % % % % % % % % % % % % % % %
<*class . . . . . . . . . . . . . . . . . . . . . . . . . . . . . . . . . . .
. . . . . . . . . . . . . . . . . . . . % % % % % . . . . . . . . . . . . . .
. . . . . . . . . . . . . . . . . . . . . . . . . . . . . . . . . . . . . . .
. . . . . % . . . . . . . . . . . . . . . . . . . . . . . . . . . . . . . . .
. . . . . . . . . . . . . . . . . . . . . . . . . . . . . . . . . . . . . . .
. . . . . . . . . . . . . . . . . . . . . . . . . . . . . . . . . . . . . . .
. . . . . . . . . . . . . . . . . . . . . . . . . . . . . . . . . . . . . . .
. . . . . . . . . . . . . . . . . . . . . . . . . . . . . . . . . . . . . . .
. . . . . . . . . . . . . . . . . . . . . . . . . . . . . . . . . . . . . . .
. . . . . . . . . . . . . . . . . . . . . . . . . . . . . . . . . . . . . . .
. . . . . . . . . . . . . . . . . . . . . . . . . . . . . . . . . . . . . . .
% % % % % . . . . . . . % % % % % . . . . . . . . . . . . . . . . . . . . . .
. . % % % % % . . . . . . . . . . . . . . . . . . . . . . . . . . . . . . . .
. . . . . . . . . . . . . . . . . . . . . . . . . . . . . . . . . . . . . . .
. . . . . . % % % % % . . . . . . . . . . . . . . . . . . . . . . . . . . . .
. . . . . . . . . . . . . . . . . . . . . . . . . . . . . . . . . . . . . . .
. . . . . . . . . . . . . . . . . . . . . . . . . . . . . . . % % % % % % % .
. . . . . . . . . . . . . . . % % % % % % . . . . . . . . . . . . . . . . . %
% % % % . . . . . . . . . . . . . . . . . . . % % % % % . . . . . . . . . . .
. . . . . . . . . . . . . . . . . . . . . . . . . . . . . . . . . . . . . . .
. . . . . . . . . . . . % > % % %
File elsarticle.dtx ended by \endinput.
Lines  processed: 876
Comments removed: 114
Comments  passed: 9
Codelines passed: 749

*************************************************************
*                                                           *
* To finish the installation you have to move the following *
* file into a directory searched by TeX:                    *
*                                                           *
*     elsarticle.cls                                        *
*         and                                               *
*     elsarticle-*.bst                                      *
*                                                           *
* To produce the documentation go to the ../contrib folder  *
* and run the file elsdoc.tex through pdfLaTeX              *
* or use the Makefile which is far more easier.             *
*                                                           *
* Happy TeXing!                                             *
*                                                           *
*************************************************************
 ) 
Here is how much of TeX's memory you used:
 312 strings out of 493306
 3347 string characters out of 3138866
 58476 words of memory out of 3000000
 3957 multiletter control sequences out of 15000+200000
 3640 words of font info for 14 fonts, out of 3000000 for 9000
 1141 hyphenation exceptions out of 8191
 11i,0n,15p,160b,119s stack positions out of 5000i,500n,10000p,200000b,50000s

No pages of output.
